


ARM Macro Assembler    Page 1 


    1 00000000         ; LCD.s
    2 00000000         ; Student names: change this to your names or look very 
                       silly
    3 00000000         ; Last modification date: change this to the last modifi
                       cation date or look very silly
    4 00000000         
    5 00000000         ; Runs on LM4F120/TM4C123
    6 00000000         ; Use SSI0 to send an 8-bit code to the ST7735 160x128 p
                       ixel LCD.
    7 00000000         
    8 00000000         ; As part of Lab 10, students need to implement these LC
                       D_WriteCommand and LCD_WriteData
    9 00000000         ; This driver assumes two low-level LCD functions
   10 00000000         
   11 00000000         ; Backlight (pin 10) connected to +3.3 V
   12 00000000         ; MISO (pin 9) unconnected
   13 00000000         ; SCK (pin 8) connected to PA2 (SSI0Clk)
   14 00000000         ; MOSI (pin 7) connected to PA5 (SSI0Tx)
   15 00000000         ; TFT_CS (pin 6) connected to PA3 (SSI0Fss)
   16 00000000         ; CARD_CS (pin 5) unconnected
   17 00000000         ; Data/Command (pin 4) connected to PA6 (GPIO)
   18 00000000         ; RESET (pin 3) connected to PA7 (GPIO)
   19 00000000         ; VCC (pin 2) connected to +3.3 V
   20 00000000         ; Gnd (pin 1) connected to ground
   21 00000000         
   22 00000000 40004100 
                       DC      EQU              0x40004100
   23 00000000 00000000 
                       DC_COMMAND
                               EQU              0
   24 00000000 00000040 
                       DC_DATA EQU              0x40
   25 00000000 40008008 
                       SSI0_DR_R
                               EQU              0x40008008
   26 00000000 4000800C 
                       SSI0_SR_R
                               EQU              0x4000800C
   27 00000000 00000004 
                       SSI_SR_RNE
                               EQU              0x00000004  ; SSI Receive FIFO 
                                                            Not Empty
   28 00000000 00000010 
                       SSI_SR_BSY
                               EQU              0x00000010  ; SSI Busy Bit
   29 00000000 00000002 
                       SSI_SR_TNF
                               EQU              0x00000002  ; SSI Transmit FIFO
                                                             Not Full
   30 00000000         
   31 00000000                 EXPORT           writecommand
   32 00000000                 EXPORT           writedata
   33 00000000         
   34 00000000                 AREA             |.text|, CODE, READONLY, ALIGN=
2
   35 00000000                 THUMB
   36 00000000                 ALIGN
   37 00000000         
   38 00000000         ; The Data/Command pin must be valid when the eighth bit



ARM Macro Assembler    Page 2 


                        is
   39 00000000         ; sent.  The SSI module has hardware input and output FI
                       FOs
   40 00000000         ; that are 8 locations deep.  Based on the observation t
                       hat
   41 00000000         ; the LCD interface tends to send a few commands and the
                       n a
   42 00000000         ; lot of data, the FIFOs are not used when writing
   43 00000000         ; commands, and they are used when writing data.  This
   44 00000000         ; ensures that the Data/Command pin status matches the b
                       yte
   45 00000000         ; that is actually being transmitted.
   46 00000000         ; The write command operation waits until all data has b
                       een
   47 00000000         ; sent, configures the Data/Command pin for commands, se
                       nds
   48 00000000         ; the command, and then waits for the transmission to
   49 00000000         ; finish.
   50 00000000         ; The write data operation waits until there is room in 
                       the
   51 00000000         ; transmit FIFO, configures the Data/Command pin for dat
                       a,
   52 00000000         ; and then adds the data to the transmit FIFO.
   53 00000000         ; NOTE: These functions will crash or stall indefinitely
                        if
   54 00000000         ; the SSI0 module is not initialized and enabled.
   55 00000000         
   56 00000000         ; This is a helper function that sends an 8-bit command 
                       to the LCD.
   57 00000000         ; Input: R0  8-bit command to transmit
   58 00000000         ; Output: none
   59 00000000         ; Assumes: SSI0 and port A have already been initialized
                        and enabled
   60 00000000         writecommand
   61 00000000         ;;--UUU-- Complete this (copy from Lab7-8)
   62 00000000         ;; Code to write a command to the LCD
   63 00000000         ;1) Read SSI0_SR_R and check bit 4, 
   64 00000000         ;2) If bit 4 is high, loop back to step 1 (wait for BUSY
                        bit to be low)
   65 00000000         ;3) Clear D/C=PA6 to zero
   66 00000000         ;4) Write the command to SSI0_DR_R
   67 00000000         ;5) Read SSI0_SR_R and check bit 4, 
   68 00000000         ;6) If bit 4 is high, loop back to step 5 (wait for BUSY
                        bit to be low)
   69 00000000 4B0F            LDR              R3, =SSI0_SR_R
   70 00000002 681A    WCcheck LDR              R2, [R3]
   71 00000004 F012 0110       ANDS             R1, R2, #0x10
   72 00000008 D1FB            BNE              WCcheck
   73 0000000A         
   74 0000000A 4B0E            LDR              R3, =DC     ;Load PA6 the Data/
                                                            Command
   75 0000000C 681A            LDR              R2, [R3]
   76 0000000E F022 0240       BIC              R2, #0x40   ;clear PA6 for send
                                                            ing commands
   77 00000012 601A            STR              R2, [R3]
   78 00000014         
   79 00000014 4B0C            LDR              R3, =SSI0_DR_R ;write command t
                                                            o LCD
   80 00000016 7018            STRB             R0, [R3]



ARM Macro Assembler    Page 3 


   81 00000018         
   82 00000018 4B09            LDR              R3, =SSI0_SR_R
   83 0000001A 681A    WCcheck2
                               LDR              R2, [R3]    ; check SR to see i
                                                            f busy
   84 0000001C F012 0110       ANDS             R1, R2, #0x10
   85 00000020 D1FB            BNE              WCcheck2    ; if busy repeat
   86 00000022         
   87 00000022         
   88 00000022         
   89 00000022 4770            BX               LR          ;   return
   90 00000024         
   91 00000024         ; This is a helper function that sends an 8-bit data to 
                       the LCD.
   92 00000024         ; Input: R0  8-bit data to transmit
   93 00000024         ; Output: none
   94 00000024         ; Assumes: SSI0 and port A have already been initialized
                        and enabled
   95 00000024         writedata
   96 00000024         ;;--UUU-- Complete this (copy from Lab7-8)
   97 00000024         ;; Code to write data to the LCD
   98 00000024         ;1) Read SSI0_SR_R and check bit 1, 
   99 00000024         ;2) If bit 1 is low loop back to step 1 (wait for TNF bi
                       t to be high)
  100 00000024         ;3) Set D/C=PA6 to one
  101 00000024         ;4) Write the 8-bit data to SSI0_DR_R
  102 00000024 4906            LDR              R1, =SSI0_SR_R
  103 00000026 680A    WDCheck LDR              R2, [R1]    ;check is SR is hig
                                                            h
  104 00000028 F012 0302       ANDS             R3, R2, #0x2 ; check if FIFO no
                                                            t full, if full kee
                                                            p checking
  105 0000002C D0FB            BEQ              WDCheck
  106 0000002E         
  107 0000002E 4905            LDR              R1, =DC     ;; set D/C PA6 to 1
                                                             for Data
  108 00000030 680A            LDR              R2, [R1]
  109 00000032 F042 0240       ORR              R2, #0x40
  110 00000036 600A            STR              R2, [R1]
  111 00000038         
  112 00000038 4903            LDR              R1, =SSI0_DR_R 
                                                            ; write data to DR
  113 0000003A 7008            STRB             R0, [R1]
  114 0000003C         
  115 0000003C         
  116 0000003C         
  117 0000003C 4770            BX               LR          ;   return
  118 0000003E         
  119 0000003E         
  120 0000003E         ;***************************************************
  121 0000003E         ; This is a library for the Adafruit 1.8" SPI display.
  122 0000003E         ; This library works with the Adafruit 1.8" TFT Breakout
                        w/SD card
  123 0000003E         ; ----> http://www.adafruit.com/products/358
  124 0000003E         ; as well as Adafruit raw 1.8" TFT display
  125 0000003E         ; ----> http://www.adafruit.com/products/618
  126 0000003E         ;
  127 0000003E         ; Check out the links above for our tutorials and wiring
                        diagrams



ARM Macro Assembler    Page 4 


  128 0000003E         ; These displays use SPI to communicate, 4 or 5 pins are
                        required to
  129 0000003E         ; interface (RST is optional)
  130 0000003E         ; Adafruit invests time and resources providing this ope
                       n source code,
  131 0000003E         ; please support Adafruit and open-source hardware by pu
                       rchasing
  132 0000003E         ; products from Adafruit!
  133 0000003E         ;
  134 0000003E         ; Written by Limor Fried/Ladyada for Adafruit Industries
                       .
  135 0000003E         ; MIT license, all text above must be included in any re
                       distribution
  136 0000003E         ;****************************************************
  137 0000003E         
  138 0000003E 00 00           ALIGN                        ; make sure the end
                                                             of this section is
                                                             aligned
  139 00000040                 END                          ; end of file
              4000800C 
              40004100 
              40008008 
Command Line: --debug --xref --cpu=Cortex-M4 --apcs=interwork --depend=.\lcd.d 
-o.\lcd.o -IC:\Keil\ARM\RV31\INC -IC:\Keil\ARM\CMSIS\Include -IC:\Keil\ARM\Inc\
Luminary --list=.\lcd.lst LCD.s



ARM Macro Assembler    Page 1 Alphabetic symbol ordering
Relocatable symbols

.text 00000000

Symbol: .text
   Definitions
      At line 34 in file LCD.s
   Uses
      None
Comment: .text unused
WCcheck 00000002

Symbol: WCcheck
   Definitions
      At line 70 in file LCD.s
   Uses
      At line 72 in file LCD.s
Comment: WCcheck used once
WCcheck2 0000001A

Symbol: WCcheck2
   Definitions
      At line 83 in file LCD.s
   Uses
      At line 85 in file LCD.s
Comment: WCcheck2 used once
WDCheck 00000026

Symbol: WDCheck
   Definitions
      At line 103 in file LCD.s
   Uses
      At line 105 in file LCD.s
Comment: WDCheck used once
writecommand 00000000

Symbol: writecommand
   Definitions
      At line 60 in file LCD.s
   Uses
      At line 31 in file LCD.s
Comment: writecommand used once
writedata 00000024

Symbol: writedata
   Definitions
      At line 95 in file LCD.s
   Uses
      At line 32 in file LCD.s
Comment: writedata used once
6 symbols



ARM Macro Assembler    Page 1 Alphabetic symbol ordering
Absolute symbols

DC 40004100

Symbol: DC
   Definitions
      At line 22 in file LCD.s
   Uses
      At line 74 in file LCD.s
      At line 107 in file LCD.s

DC_COMMAND 00000000

Symbol: DC_COMMAND
   Definitions
      At line 23 in file LCD.s
   Uses
      None
Comment: DC_COMMAND unused
DC_DATA 00000040

Symbol: DC_DATA
   Definitions
      At line 24 in file LCD.s
   Uses
      None
Comment: DC_DATA unused
SSI0_DR_R 40008008

Symbol: SSI0_DR_R
   Definitions
      At line 25 in file LCD.s
   Uses
      At line 79 in file LCD.s
      At line 112 in file LCD.s

SSI0_SR_R 4000800C

Symbol: SSI0_SR_R
   Definitions
      At line 26 in file LCD.s
   Uses
      At line 69 in file LCD.s
      At line 82 in file LCD.s
      At line 102 in file LCD.s

SSI_SR_BSY 00000010

Symbol: SSI_SR_BSY
   Definitions
      At line 28 in file LCD.s
   Uses
      None
Comment: SSI_SR_BSY unused
SSI_SR_RNE 00000004

Symbol: SSI_SR_RNE
   Definitions
      At line 27 in file LCD.s
   Uses
      None



ARM Macro Assembler    Page 2 Alphabetic symbol ordering
Absolute symbols

Comment: SSI_SR_RNE unused
SSI_SR_TNF 00000002

Symbol: SSI_SR_TNF
   Definitions
      At line 29 in file LCD.s
   Uses
      None
Comment: SSI_SR_TNF unused
8 symbols
346 symbols in table
